{"/Users/difalcoa/Desktop/epicodus/dungeons-and-debuggers/src/js/character.js": {"path":"/Users/difalcoa/Desktop/epicodus/dungeons-and-debuggers/src/js/character.js","statementMap":{"0":{"start":{"line":4,"column":4},"end":{"line":4,"column":21}},"1":{"start":{"line":5,"column":4},"end":{"line":5,"column":23}},"2":{"start":{"line":6,"column":4},"end":{"line":6,"column":23}},"3":{"start":{"line":7,"column":4},"end":{"line":7,"column":23}},"4":{"start":{"line":9,"column":4},"end":{"line":9,"column":26}},"5":{"start":{"line":10,"column":4},"end":{"line":10,"column":28}},"6":{"start":{"line":11,"column":4},"end":{"line":11,"column":28}},"7":{"start":{"line":12,"column":4},"end":{"line":12,"column":16}},"8":{"start":{"line":14,"column":4},"end":{"line":14,"column":21}},"9":{"start":{"line":18,"column":17},"end":{"line":18,"column":25}},"10":{"start":{"line":19,"column":4},"end":{"line":19,"column":18}},"11":{"start":{"line":23,"column":17},"end":{"line":23,"column":24}},"12":{"start":{"line":24,"column":4},"end":{"line":30,"column":5}},"13":{"start":{"line":25,"column":6},"end":{"line":25,"column":18}},"14":{"start":{"line":26,"column":6},"end":{"line":26,"column":20}},"15":{"start":{"line":27,"column":11},"end":{"line":30,"column":5}},"16":{"start":{"line":28,"column":6},"end":{"line":28,"column":27}},"17":{"start":{"line":29,"column":6},"end":{"line":29,"column":20}},"18":{"start":{"line":31,"column":4},"end":{"line":31,"column":18}},"19":{"start":{"line":38,"column":4},"end":{"line":38,"column":30}},"20":{"start":{"line":42,"column":6},"end":{"line":42,"column":20}},"21":{"start":{"line":46,"column":17},"end":{"line":46,"column":29}},"22":{"start":{"line":47,"column":4},"end":{"line":47,"column":18}},"23":{"start":{"line":48,"column":4},"end":{"line":48,"column":18}},"24":{"start":{"line":55,"column":4},"end":{"line":55,"column":29}},"25":{"start":{"line":57,"column":4},"end":{"line":57,"column":24}},"26":{"start":{"line":58,"column":4},"end":{"line":58,"column":30}},"27":{"start":{"line":62,"column":4},"end":{"line":62,"column":18}},"28":{"start":{"line":63,"column":4},"end":{"line":63,"column":16}},"29":{"start":{"line":64,"column":4},"end":{"line":64,"column":18}},"30":{"start":{"line":68,"column":19},"end":{"line":68,"column":53}},"31":{"start":{"line":69,"column":4},"end":{"line":69,"column":20}},"32":{"start":{"line":76,"column":4},"end":{"line":76,"column":29}},"33":{"start":{"line":78,"column":4},"end":{"line":78,"column":21}},"34":{"start":{"line":79,"column":4},"end":{"line":79,"column":26}},"35":{"start":{"line":83,"column":4},"end":{"line":83,"column":19}},"36":{"start":{"line":84,"column":4},"end":{"line":84,"column":18}},"37":{"start":{"line":85,"column":4},"end":{"line":85,"column":17}},"38":{"start":{"line":89,"column":4},"end":{"line":89,"column":19}},"39":{"start":{"line":90,"column":4},"end":{"line":90,"column":18}},"40":{"start":{"line":91,"column":4},"end":{"line":91,"column":17}},"41":{"start":{"line":95,"column":4},"end":{"line":95,"column":19}},"42":{"start":{"line":96,"column":4},"end":{"line":96,"column":18}},"43":{"start":{"line":97,"column":4},"end":{"line":97,"column":17}}},"fnMap":{"0":{"name":"(anonymous_0)","decl":{"start":{"line":3,"column":2},"end":{"line":3,"column":3}},"loc":{"start":{"line":3,"column":39},"end":{"line":15,"column":3}},"line":3},"1":{"name":"(anonymous_1)","decl":{"start":{"line":17,"column":2},"end":{"line":17,"column":3}},"loc":{"start":{"line":17,"column":11},"end":{"line":20,"column":3}},"line":17},"2":{"name":"(anonymous_2)","decl":{"start":{"line":22,"column":2},"end":{"line":22,"column":3}},"loc":{"start":{"line":22,"column":9},"end":{"line":32,"column":3}},"line":22},"3":{"name":"(anonymous_3)","decl":{"start":{"line":37,"column":2},"end":{"line":37,"column":3}},"loc":{"start":{"line":37,"column":20},"end":{"line":39,"column":3}},"line":37},"4":{"name":"(anonymous_4)","decl":{"start":{"line":41,"column":2},"end":{"line":41,"column":3}},"loc":{"start":{"line":41,"column":13},"end":{"line":43,"column":3}},"line":41},"5":{"name":"(anonymous_5)","decl":{"start":{"line":45,"column":2},"end":{"line":45,"column":3}},"loc":{"start":{"line":45,"column":13},"end":{"line":49,"column":3}},"line":45},"6":{"name":"(anonymous_6)","decl":{"start":{"line":54,"column":2},"end":{"line":54,"column":3}},"loc":{"start":{"line":54,"column":20},"end":{"line":59,"column":3}},"line":54},"7":{"name":"(anonymous_7)","decl":{"start":{"line":61,"column":2},"end":{"line":61,"column":3}},"loc":{"start":{"line":61,"column":13},"end":{"line":65,"column":3}},"line":61},"8":{"name":"(anonymous_8)","decl":{"start":{"line":67,"column":2},"end":{"line":67,"column":3}},"loc":{"start":{"line":67,"column":9},"end":{"line":70,"column":3}},"line":67},"9":{"name":"(anonymous_9)","decl":{"start":{"line":75,"column":2},"end":{"line":75,"column":3}},"loc":{"start":{"line":75,"column":20},"end":{"line":80,"column":3}},"line":75},"10":{"name":"(anonymous_10)","decl":{"start":{"line":82,"column":2},"end":{"line":82,"column":3}},"loc":{"start":{"line":82,"column":13},"end":{"line":86,"column":3}},"line":82},"11":{"name":"(anonymous_11)","decl":{"start":{"line":88,"column":2},"end":{"line":88,"column":3}},"loc":{"start":{"line":88,"column":13},"end":{"line":92,"column":3}},"line":88},"12":{"name":"(anonymous_12)","decl":{"start":{"line":94,"column":2},"end":{"line":94,"column":3}},"loc":{"start":{"line":94,"column":13},"end":{"line":98,"column":3}},"line":94}},"branchMap":{"0":{"loc":{"start":{"line":24,"column":4},"end":{"line":30,"column":5}},"type":"if","locations":[{"start":{"line":24,"column":4},"end":{"line":30,"column":5}},{"start":{"line":24,"column":4},"end":{"line":30,"column":5}}],"line":24},"1":{"loc":{"start":{"line":27,"column":11},"end":{"line":30,"column":5}},"type":"if","locations":[{"start":{"line":27,"column":11},"end":{"line":30,"column":5}},{"start":{"line":27,"column":11},"end":{"line":30,"column":5}}],"line":27}},"s":{"0":13,"1":13,"2":13,"3":13,"4":13,"5":13,"6":13,"7":13,"8":13,"9":2,"10":2,"11":2,"12":2,"13":1,"14":1,"15":1,"16":1,"17":1,"18":0,"19":4,"20":1,"21":1,"22":1,"23":1,"24":4,"25":4,"26":4,"27":1,"28":1,"29":1,"30":3,"31":3,"32":1,"33":1,"34":1,"35":0,"36":0,"37":0,"38":0,"39":0,"40":0,"41":0,"42":0,"43":0},"f":{"0":13,"1":2,"2":2,"3":4,"4":1,"5":1,"6":4,"7":1,"8":3,"9":1,"10":0,"11":0,"12":0},"b":{"0":[1,1],"1":[1,0]},"_coverageSchema":"43e27e138ebf9cfc5966b082cf9a028302ed4184","hash":"1338336beb8f930fc3c7329f0080addd67517254"}
}
