TN:
SF:/Users/difalcoa/Desktop/epicodus/dungeons-and-debuggers/src/js/character.js
FN:3,(anonymous_0)
FN:17,(anonymous_1)
FN:22,(anonymous_2)
FN:37,(anonymous_3)
FN:41,(anonymous_4)
FN:45,(anonymous_5)
FN:54,(anonymous_6)
FN:61,(anonymous_7)
FN:67,(anonymous_8)
FN:75,(anonymous_9)
FN:82,(anonymous_10)
FN:88,(anonymous_11)
FN:94,(anonymous_12)
FNF:13
FNH:10
FNDA:13,(anonymous_0)
FNDA:2,(anonymous_1)
FNDA:2,(anonymous_2)
FNDA:4,(anonymous_3)
FNDA:1,(anonymous_4)
FNDA:1,(anonymous_5)
FNDA:4,(anonymous_6)
FNDA:1,(anonymous_7)
FNDA:3,(anonymous_8)
FNDA:1,(anonymous_9)
FNDA:0,(anonymous_10)
FNDA:0,(anonymous_11)
FNDA:0,(anonymous_12)
DA:4,13
DA:5,13
DA:6,13
DA:7,13
DA:9,13
DA:10,13
DA:11,13
DA:12,13
DA:14,13
DA:18,2
DA:19,2
DA:23,2
DA:24,2
DA:25,1
DA:26,1
DA:27,1
DA:28,1
DA:29,1
DA:31,0
DA:38,4
DA:42,1
DA:46,1
DA:47,1
DA:48,1
DA:55,4
DA:57,4
DA:58,4
DA:62,1
DA:63,1
DA:64,1
DA:68,3
DA:69,3
DA:76,1
DA:78,1
DA:79,1
DA:83,0
DA:84,0
DA:85,0
DA:89,0
DA:90,0
DA:91,0
DA:95,0
DA:96,0
DA:97,0
LF:44
LH:34
BRDA:24,0,0,1
BRDA:24,0,1,1
BRDA:27,1,0,1
BRDA:27,1,1,0
BRF:4
BRH:3
end_of_record
