TN:
SF:/Users/difalcoa/Desktop/epicodus/dungeons-and-debuggers/src/js/character.js
FN:4,(anonymous_0)
FN:18,(anonymous_1)
FN:23,(anonymous_2)
FN:38,(anonymous_3)
FN:42,(anonymous_4)
FN:46,(anonymous_5)
FN:55,(anonymous_6)
FN:62,(anonymous_7)
FN:68,(anonymous_8)
FN:76,(anonymous_9)
FN:83,(anonymous_10)
FN:89,(anonymous_11)
FN:95,(anonymous_12)
FNF:13
FNH:9
FNDA:12,(anonymous_0)
FNDA:1,(anonymous_1)
FNDA:2,(anonymous_2)
FNDA:4,(anonymous_3)
FNDA:1,(anonymous_4)
FNDA:1,(anonymous_5)
FNDA:3,(anonymous_6)
FNDA:0,(anonymous_7)
FNDA:2,(anonymous_8)
FNDA:1,(anonymous_9)
FNDA:0,(anonymous_10)
FNDA:0,(anonymous_11)
FNDA:0,(anonymous_12)
DA:5,12
DA:6,12
DA:7,12
DA:8,12
DA:10,12
DA:11,12
DA:12,12
DA:13,12
DA:15,12
DA:19,1
DA:20,1
DA:24,2
DA:25,2
DA:26,1
DA:27,1
DA:28,1
DA:29,1
DA:30,1
DA:32,0
DA:39,4
DA:43,1
DA:47,1
DA:48,1
DA:49,1
DA:56,3
DA:58,3
DA:59,3
DA:63,0
DA:64,0
DA:65,0
DA:69,2
DA:70,2
DA:77,1
DA:79,1
DA:80,1
DA:84,0
DA:85,0
DA:86,0
DA:90,0
DA:91,0
DA:92,0
DA:96,0
DA:97,0
DA:98,0
LF:44
LH:31
BRDA:25,0,0,1
BRDA:25,0,1,1
BRDA:28,1,0,1
BRDA:28,1,1,0
BRF:4
BRH:3
end_of_record
